# JRE version: OpenJDK Runtime Environment (8.0_152-b01) (build 1.8.0_152-release-1248-b01)
# Java VM: OpenJDK 64-Bit Server VM (25.152-b01 mixed mode windows-amd64 compressed oops)
Heap:
 PSYoungGen      total 166912K, used 23713K [0x00000000e0000000, 0x00000000eb380000, 0x0000000100000000)
  eden space 153600K, 6% used [0x00000000e0000000,0x00000000e0a30510,0x00000000e9600000)
  from space 13312K, 99% used [0x00000000ea400000,0x00000000eb0f8218,0x00000000eb100000)
  to   space 14336K, 0% used [0x00000000e9600000,0x00000000e9600000,0x00000000ea400000)
 ParOldGen       total 65024K, used 39807K [0x00000000a0000000, 0x00000000a3f80000, 0x00000000e0000000)
  object space 65024K, 61% used [0x00000000a0000000,0x00000000a26dfda8,0x00000000a3f80000)
 Metaspace       used 60432K, capacity 61974K, committed 62128K, reserved 1103872K
  class space    used 8151K, capacity 8576K, committed 8624K, reserved 1048576K
GC Heap History (10 events):
Event: 12.563 GC heap before
{Heap before GC invocations=13 (full 2):
 PSYoungGen      total 125952K, used 116224K [0x00000000e0000000, 0x00000000e9200000, 0x0000000100000000)
  eden space 116224K, 100% used [0x00000000e0000000,0x00000000e7180000,0x00000000e7180000)
  from space 9728K, 0% used [0x00000000e7b00000,0x00000000e7b00000,0x00000000e8480000)
  to   space 9728K, 0% used [0x00000000e7180000,0x00000000e7180000,0x00000000e7b00000)
 ParOldGen       total 65024K, used 16365K [0x00000000a0000000, 0x00000000a3f80000, 0x00000000e0000000)
  object space 65024K, 25% used [0x00000000a0000000,0x00000000a0ffb538,0x00000000a3f80000)
 Metaspace       used 44724K, capacity 45568K, committed 45872K, reserved 1089536K
  class space    used 6117K, capacity 6421K, committed 6448K, reserved 1048576K
Event: 12.597 GC heap after
Heap after GC invocations=13 (full 2):
 PSYoungGen      total 125952K, used 9703K [0x00000000e0000000, 0x00000000eb100000, 0x0000000100000000)
  eden space 116224K, 0% used [0x00000000e0000000,0x00000000e0000000,0x00000000e7180000)
  from space 9728K, 99% used [0x00000000e7180000,0x00000000e7af9da8,0x00000000e7b00000)
  to   space 13312K, 0% used [0x00000000ea400000,0x00000000ea400000,0x00000000eb100000)
 ParOldGen       total 65024K, used 22726K [0x00000000a0000000, 0x00000000a3f80000, 0x00000000e0000000)
  object space 65024K, 34% used [0x00000000a0000000,0x00000000a1631bd0,0x00000000a3f80000)
 Metaspace       used 44724K, capacity 45568K, committed 45872K, reserved 1089536K
  class space    used 6117K, capacity 6421K, committed 6448K, reserved 1048576K
}
Event: 15.250 GC heap before
{Heap before GC invocations=14 (full 2):
 PSYoungGen      total 125952K, used 125927K [0x00000000e0000000, 0x00000000eb100000, 0x0000000100000000)
  eden space 116224K, 100% used [0x00000000e0000000,0x00000000e7180000,0x00000000e7180000)
  from space 9728K, 99% used [0x00000000e7180000,0x00000000e7af9da8,0x00000000e7b00000)
  to   space 13312K, 0% used [0x00000000ea400000,0x00000000ea400000,0x00000000eb100000)
 ParOldGen       total 65024K, used 22726K [0x00000000a0000000, 0x00000000a3f80000, 0x00000000e0000000)
  object space 65024K, 34% used [0x00000000a0000000,0x00000000a1631bd0,0x00000000a3f80000)
 Metaspace       used 55658K, capacity 57020K, committed 57136K, reserved 1097728K
  class space    used 7601K, capacity 7977K, committed 7984K, reserved 1048576K
Event: 15.315 GC heap after
Heap after GC invocations=14 (full 2):
 PSYoungGen      total 166912K, used 12313K [0x00000000e0000000, 0x00000000eb380000, 0x0000000100000000)
  eden space 153600K, 0% used [0x00000000e0000000,0x00000000e0000000,0x00000000e9600000)
  from space 13312K, 92% used [0x00000000ea400000,0x00000000eb0064b0,0x00000000eb100000)
  to   space 14336K, 0% used [0x00000000e9600000,0x00000000e9600000,0x00000000ea400000)
 ParOldGen       total 65024K, used 31180K [0x00000000a0000000, 0x00000000a3f80000, 0x00000000e0000000)
  object space 65024K, 47% used [0x00000000a0000000,0x00000000a1e73358,0x00000000a3f80000)
 Metaspace       used 55658K, capacity 57020K, committed 57136K, reserved 1097728K
  class space    used 7601K, capacity 7977K, committed 7984K, reserved 1048576K
}
Event: 16.133 GC heap before
{Heap before GC invocations=15 (full 2):
 PSYoungGen      total 166912K, used 47740K [0x00000000e0000000, 0x00000000eb380000, 0x0000000100000000)
  eden space 153600K, 23% used [0x00000000e0000000,0x00000000e2298eb0,0x00000000e9600000)
  from space 13312K, 92% used [0x00000000ea400000,0x00000000eb0064b0,0x00000000eb100000)
  to   space 14336K, 0% used [0x00000000e9600000,0x00000000e9600000,0x00000000ea400000)
 ParOldGen       total 65024K, used 31180K [0x00000000a0000000, 0x00000000a3f80000, 0x00000000e0000000)
  object space 65024K, 47% used [0x00000000a0000000,0x00000000a1e73358,0x00000000a3f80000)
 Metaspace       used 57501K, capacity 59004K, committed 59160K, reserved 1099776K
  class space    used 7856K, capacity 8263K, committed 8368K, reserved 1048576K
Event: 16.152 GC heap after
Heap after GC invocations=15 (full 2):
 PSYoungGen      total 167936K, used 3876K [0x00000000e0000000, 0x00000000eb380000, 0x0000000100000000)
  eden space 153600K, 0% used [0x00000000e0000000,0x00000000e0000000,0x00000000e9600000)
  from space 14336K, 27% used [0x00000000e9600000,0x00000000e99c9048,0x00000000ea400000)
  to   space 13312K, 0% used [0x00000000ea400000,0x00000000ea400000,0x00000000eb100000)
 ParOldGen       total 65024K, used 35499K [0x00000000a0000000, 0x00000000a3f80000, 0x00000000e0000000)
  object space 65024K, 54% used [0x00000000a0000000,0x00000000a22aaf00,0x00000000a3f80000)
 Metaspace       used 57501K, capacity 59004K, committed 59160K, reserved 1099776K
  class space    used 7856K, capacity 8263K, committed 8368K, reserved 1048576K
}
Event: 16.152 GC heap before
{Heap before GC invocations=16 (full 3):
 PSYoungGen      total 167936K, used 3876K [0x00000000e0000000, 0x00000000eb380000, 0x0000000100000000)
  eden space 153600K, 0% used [0x00000000e0000000,0x00000000e0000000,0x00000000e9600000)
  from space 14336K, 27% used [0x00000000e9600000,0x00000000e99c9048,0x00000000ea400000)
  to   space 13312K, 0% used [0x00000000ea400000,0x00000000ea400000,0x00000000eb100000)
 ParOldGen       total 65024K, used 35499K [0x00000000a0000000, 0x00000000a3f80000, 0x00000000e0000000)
  object space 65024K, 54% used [0x00000000a0000000,0x00000000a22aaf00,0x00000000a3f80000)
 Metaspace       used 57501K, capacity 59004K, committed 59160K, reserved 1099776K
  class space    used 7856K, capacity 8263K, committed 8368K, reserved 1048576K
Event: 16.552 GC heap after
Heap after GC invocations=16 (full 3):
 PSYoungGen      total 167936K, used 0K [0x00000000e0000000, 0x00000000eb380000, 0x0000000100000000)
  eden space 153600K, 0% used [0x00000000e0000000,0x00000000e0000000,0x00000000e9600000)
  from space 14336K, 0% used [0x00000000e9600000,0x00000000e9600000,0x00000000ea400000)
  to   space 13312K, 0% used [0x00000000ea400000,0x00000000ea400000,0x00000000eb100000)
 ParOldGen       total 65024K, used 30068K [0x00000000a0000000, 0x00000000a3f80000, 0x00000000e0000000)
  object space 65024K, 46% used [0x00000000a0000000,0x00000000a1d5d098,0x00000000a3f80000)
 Metaspace       used 57501K, capacity 59004K, committed 59160K, reserved 1099776K
  class space    used 7856K, capacity 8263K, committed 8368K, reserved 1048576K
}
Event: 22.920 GC heap before
{Heap before GC invocations=17 (full 3):
 PSYoungGen      total 167936K, used 152849K [0x00000000e0000000, 0x00000000eb380000, 0x0000000100000000)
  eden space 153600K, 99% used [0x00000000e0000000,0x00000000e95444d0,0x00000000e9600000)
  from space 14336K, 0% used [0x00000000e9600000,0x00000000e9600000,0x00000000ea400000)
  to   space 13312K, 0% used [0x00000000ea400000,0x00000000ea400000,0x00000000eb100000)
 ParOldGen       total 65024K, used 30068K [0x00000000a0000000, 0x00000000a3f80000, 0x00000000e0000000)
  object space 65024K, 46% used [0x00000000a0000000,0x00000000a1d5d098,0x00000000a3f80000)
 Metaspace       used 60277K, capacity 61878K, committed 62128K, reserved 1103872K
  class space    used 8128K, capacity 8544K, committed 8624K, reserved 1048576K
Event: 22.956 GC heap after
Heap after GC invocations=17 (full 3):
 PSYoungGen      total 166912K, used 13280K [0x00000000e0000000, 0x00000000eb380000, 0x0000000100000000)
  eden space 153600K, 0% used [0x00000000e0000000,0x00000000e0000000,0x00000000e9600000)
  from space 13312K, 99% used [0x00000000ea400000,0x00000000eb0f8218,0x00000000eb100000)
  to   space 14336K, 0% used [0x00000000e9600000,0x00000000e9600000,0x00000000ea400000)
 ParOldGen       total 65024K, used 39807K [0x00000000a0000000, 0x00000000a3f80000, 0x00000000e0000000)
  object space 65024K, 61% used [0x00000000a0000000,0x00000000a26dfda8,0x00000000a3f80000)
 Metaspace       used 60277K, capacity 61878K, committed 62128K, reserved 1103872K
  class space    used 8128K, capacity 8544K, committed 8624K, reserved 1048576K
}

