# JRE version: OpenJDK Runtime Environment (8.0_152-b01) (build 1.8.0_152-release-1248-b01)
# Java VM: OpenJDK 64-Bit Server VM (25.152-b01 mixed mode windows-amd64 compressed oops)
Heap:
 PSYoungGen      total 147456K, used 21428K [0x00000000e0000000, 0x00000000e9e80000, 0x0000000100000000)
  eden space 134656K, 7% used [0x00000000e0000000,0x00000000e0a167e8,0x00000000e8380000)
  from space 12800K, 86% used [0x00000000e9200000,0x00000000e9cd6868,0x00000000e9e80000)
  to   space 13824K, 0% used [0x00000000e8380000,0x00000000e8380000,0x00000000e9100000)
 ParOldGen       total 70144K, used 29950K [0x00000000a0000000, 0x00000000a4480000, 0x00000000e0000000)
  object space 70144K, 42% used [0x00000000a0000000,0x00000000a1d3f918,0x00000000a4480000)
 Metaspace       used 54684K, capacity 56038K, committed 56240K, reserved 1097728K
  class space    used 7435K, capacity 7832K, committed 7856K, reserved 1048576K
GC Heap History (10 events):
Event: 7.951 GC heap before
{Heap before GC invocations=10 (full 1):
 PSYoungGen      total 83968K, used 83793K [0x00000000e0000000, 0x00000000e6d00000, 0x0000000100000000)
  eden space 78336K, 100% used [0x00000000e0000000,0x00000000e4c80000,0x00000000e4c80000)
  from space 5632K, 96% used [0x00000000e6780000,0x00000000e6cd4608,0x00000000e6d00000)
  to   space 8192K, 0% used [0x00000000e5d00000,0x00000000e5d00000,0x00000000e6500000)
 ParOldGen       total 45568K, used 8298K [0x00000000a0000000, 0x00000000a2c80000, 0x00000000e0000000)
  object space 45568K, 18% used [0x00000000a0000000,0x00000000a081aab8,0x00000000a2c80000)
 Metaspace       used 30359K, capacity 30832K, committed 31152K, reserved 1075200K
  class space    used 4224K, capacity 4419K, committed 4528K, reserved 1048576K
Event: 7.972 GC heap after
Heap after GC invocations=10 (full 1):
 PSYoungGen      total 103424K, used 8175K [0x00000000e0000000, 0x00000000e7900000, 0x0000000100000000)
  eden space 95232K, 0% used [0x00000000e0000000,0x00000000e0000000,0x00000000e5d00000)
  from space 8192K, 99% used [0x00000000e5d00000,0x00000000e64fbcb0,0x00000000e6500000)
  to   space 9216K, 0% used [0x00000000e7000000,0x00000000e7000000,0x00000000e7900000)
 ParOldGen       total 45568K, used 8875K [0x00000000a0000000, 0x00000000a2c80000, 0x00000000e0000000)
  object space 45568K, 19% used [0x00000000a0000000,0x00000000a08aad00,0x00000000a2c80000)
 Metaspace       used 30359K, capacity 30832K, committed 31152K, reserved 1075200K
  class space    used 4224K, capacity 4419K, committed 4528K, reserved 1048576K
}
Event: 9.639 GC heap before
{Heap before GC invocations=11 (full 1):
 PSYoungGen      total 103424K, used 48060K [0x00000000e0000000, 0x00000000e7900000, 0x0000000100000000)
  eden space 95232K, 41% used [0x00000000e0000000,0x00000000e26f3528,0x00000000e5d00000)
  from space 8192K, 99% used [0x00000000e5d00000,0x00000000e64fbcb0,0x00000000e6500000)
  to   space 9216K, 0% used [0x00000000e7000000,0x00000000e7000000,0x00000000e7900000)
 ParOldGen       total 45568K, used 8875K [0x00000000a0000000, 0x00000000a2c80000, 0x00000000e0000000)
  object space 45568K, 19% used [0x00000000a0000000,0x00000000a08aad00,0x00000000a2c80000)
 Metaspace       used 34747K, capacity 35314K, committed 35496K, reserved 1079296K
  class space    used 4843K, capacity 5061K, committed 5168K, reserved 1048576K
Event: 9.654 GC heap after
Heap after GC invocations=11 (full 1):
 PSYoungGen      total 114176K, used 7477K [0x00000000e0000000, 0x00000000e8e00000, 0x0000000100000000)
  eden space 104960K, 0% used [0x00000000e0000000,0x00000000e0000000,0x00000000e6680000)
  from space 9216K, 81% used [0x00000000e7000000,0x00000000e774d788,0x00000000e7900000)
  to   space 9728K, 0% used [0x00000000e6680000,0x00000000e6680000,0x00000000e7000000)
 ParOldGen       total 45568K, used 11191K [0x00000000a0000000, 0x00000000a2c80000, 0x00000000e0000000)
  object space 45568K, 24% used [0x00000000a0000000,0x00000000a0aedd40,0x00000000a2c80000)
 Metaspace       used 34747K, capacity 35314K, committed 35496K, reserved 1079296K
  class space    used 4843K, capacity 5061K, committed 5168K, reserved 1048576K
}
Event: 9.654 GC heap before
{Heap before GC invocations=12 (full 2):
 PSYoungGen      total 114176K, used 7477K [0x00000000e0000000, 0x00000000e8e00000, 0x0000000100000000)
  eden space 104960K, 0% used [0x00000000e0000000,0x00000000e0000000,0x00000000e6680000)
  from space 9216K, 81% used [0x00000000e7000000,0x00000000e774d788,0x00000000e7900000)
  to   space 9728K, 0% used [0x00000000e6680000,0x00000000e6680000,0x00000000e7000000)
 ParOldGen       total 45568K, used 11191K [0x00000000a0000000, 0x00000000a2c80000, 0x00000000e0000000)
  object space 45568K, 24% used [0x00000000a0000000,0x00000000a0aedd40,0x00000000a2c80000)
 Metaspace       used 34747K, capacity 35314K, committed 35496K, reserved 1079296K
  class space    used 4843K, capacity 5061K, committed 5168K, reserved 1048576K
Event: 9.755 GC heap after
Heap after GC invocations=12 (full 2):
 PSYoungGen      total 114176K, used 0K [0x00000000e0000000, 0x00000000e8e00000, 0x0000000100000000)
  eden space 104960K, 0% used [0x00000000e0000000,0x00000000e0000000,0x00000000e6680000)
  from space 9216K, 0% used [0x00000000e7000000,0x00000000e7000000,0x00000000e7900000)
  to   space 9728K, 0% used [0x00000000e6680000,0x00000000e6680000,0x00000000e7000000)
 ParOldGen       total 70144K, used 16475K [0x00000000a0000000, 0x00000000a4480000, 0x00000000e0000000)
  object space 70144K, 23% used [0x00000000a0000000,0x00000000a1016f50,0x00000000a4480000)
 Metaspace       used 34747K, capacity 35314K, committed 35496K, reserved 1079296K
  class space    used 4843K, capacity 5061K, committed 5168K, reserved 1048576K
}
Event: 12.045 GC heap before
{Heap before GC invocations=13 (full 2):
 PSYoungGen      total 114176K, used 104960K [0x00000000e0000000, 0x00000000e8e00000, 0x0000000100000000)
  eden space 104960K, 100% used [0x00000000e0000000,0x00000000e6680000,0x00000000e6680000)
  from space 9216K, 0% used [0x00000000e7000000,0x00000000e7000000,0x00000000e7900000)
  to   space 9728K, 0% used [0x00000000e6680000,0x00000000e6680000,0x00000000e7000000)
 ParOldGen       total 70144K, used 16475K [0x00000000a0000000, 0x00000000a4480000, 0x00000000e0000000)
  object space 70144K, 23% used [0x00000000a0000000,0x00000000a1016f50,0x00000000a4480000)
 Metaspace       used 43903K, capacity 44718K, committed 44976K, reserved 1087488K
  class space    used 5986K, capacity 6280K, committed 6320K, reserved 1048576K
Event: 12.083 GC heap after
Heap after GC invocations=13 (full 2):
 PSYoungGen      total 114688K, used 9717K [0x00000000e0000000, 0x00000000e9e80000, 0x0000000100000000)
  eden space 104960K, 0% used [0x00000000e0000000,0x00000000e0000000,0x00000000e6680000)
  from space 9728K, 99% used [0x00000000e6680000,0x00000000e6ffd790,0x00000000e7000000)
  to   space 12800K, 0% used [0x00000000e9200000,0x00000000e9200000,0x00000000e9e80000)
 ParOldGen       total 70144K, used 21895K [0x00000000a0000000, 0x00000000a4480000, 0x00000000e0000000)
  object space 70144K, 31% used [0x00000000a0000000,0x00000000a1561f30,0x00000000a4480000)
 Metaspace       used 43903K, capacity 44718K, committed 44976K, reserved 1087488K
  class space    used 5986K, capacity 6280K, committed 6320K, reserved 1048576K
}
Event: 14.546 GC heap before
{Heap before GC invocations=14 (full 2):
 PSYoungGen      total 114688K, used 114677K [0x00000000e0000000, 0x00000000e9e80000, 0x0000000100000000)
  eden space 104960K, 100% used [0x00000000e0000000,0x00000000e6680000,0x00000000e6680000)
  from space 9728K, 99% used [0x00000000e6680000,0x00000000e6ffd790,0x00000000e7000000)
  to   space 12800K, 0% used [0x00000000e9200000,0x00000000e9200000,0x00000000e9e80000)
 ParOldGen       total 70144K, used 21895K [0x00000000a0000000, 0x00000000a4480000, 0x00000000e0000000)
  object space 70144K, 31% used [0x00000000a0000000,0x00000000a1561f30,0x00000000a4480000)
 Metaspace       used 54045K, capacity 55268K, committed 55344K, reserved 1097728K
  class space    used 7330K, capacity 7717K, committed 7728K, reserved 1048576K
Event: 14.571 GC heap after
Heap after GC invocations=14 (full 2):
 PSYoungGen      total 147456K, used 11098K [0x00000000e0000000, 0x00000000e9e80000, 0x0000000100000000)
  eden space 134656K, 0% used [0x00000000e0000000,0x00000000e0000000,0x00000000e8380000)
  from space 12800K, 86% used [0x00000000e9200000,0x00000000e9cd6868,0x00000000e9e80000)
  to   space 13824K, 0% used [0x00000000e8380000,0x00000000e8380000,0x00000000e9100000)
 ParOldGen       total 70144K, used 29950K [0x00000000a0000000, 0x00000000a4480000, 0x00000000e0000000)
  object space 70144K, 42% used [0x00000000a0000000,0x00000000a1d3f918,0x00000000a4480000)
 Metaspace       used 54045K, capacity 55268K, committed 55344K, reserved 1097728K
  class space    used 7330K, capacity 7717K, committed 7728K, reserved 1048576K
}

