# JRE version: Java(TM) SE Runtime Environment (8.0_201-b09) (build 1.8.0_201-b09)
# Java VM: Java HotSpot(TM) 64-Bit Server VM (25.201-b09 mixed mode windows-amd64 compressed oops)
Heap:
 PSYoungGen      total 32768K, used 18908K [0x00000000e0000000, 0x00000000e3400000, 0x0000000100000000)
  eden space 23552K, 62% used [0x00000000e0000000,0x00000000e0e7bef0,0x00000000e1700000)
  from space 9216K, 44% used [0x00000000e1700000,0x00000000e1afb290,0x00000000e2000000)
  to   space 8704K, 0% used [0x00000000e2b80000,0x00000000e2b80000,0x00000000e3400000)
 ParOldGen       total 40448K, used 8587K [0x00000000a0000000, 0x00000000a2780000, 0x00000000e0000000)
  object space 40448K, 21% used [0x00000000a0000000,0x00000000a0862e10,0x00000000a2780000)
 Metaspace       used 27298K, capacity 27780K, committed 27904K, reserved 1073152K
  class space    used 3809K, capacity 4000K, committed 4096K, reserved 1048576K
GC Heap History (10 events):
Event: 73.732 GC heap before
{Heap before GC invocations=6 (full 0):
 PSYoungGen      total 28160K, used 28146K [0x00000000e0000000, 0x00000000e2880000, 0x0000000100000000)
  eden space 24064K, 100% used [0x00000000e0000000,0x00000000e1780000,0x00000000e1780000)
  from space 4096K, 99% used [0x00000000e1800000,0x00000000e1bfc868,0x00000000e1c00000)
  to   space 8704K, 0% used [0x00000000e2000000,0x00000000e2000000,0x00000000e2880000)
 ParOldGen       total 65536K, used 6969K [0x00000000a0000000, 0x00000000a4000000, 0x00000000e0000000)
  object space 65536K, 10% used [0x00000000a0000000,0x00000000a06ce5e0,0x00000000a4000000)
 Metaspace       used 18197K, capacity 18668K, committed 18816K, reserved 1064960K
  class space    used 2701K, capacity 2918K, committed 2944K, reserved 1048576K
Event: 73.761 GC heap after
Heap after GC invocations=6 (full 0):
 PSYoungGen      total 32256K, used 6694K [0x00000000e0000000, 0x00000000e2900000, 0x0000000100000000)
  eden space 23552K, 0% used [0x00000000e0000000,0x00000000e0000000,0x00000000e1700000)
  from space 8704K, 76% used [0x00000000e2000000,0x00000000e2689a38,0x00000000e2880000)
  to   space 9216K, 0% used [0x00000000e1700000,0x00000000e1700000,0x00000000e2000000)
 ParOldGen       total 65536K, used 6977K [0x00000000a0000000, 0x00000000a4000000, 0x00000000e0000000)
  object space 65536K, 10% used [0x00000000a0000000,0x00000000a06d05e0,0x00000000a4000000)
 Metaspace       used 18197K, capacity 18668K, committed 18816K, reserved 1064960K
  class space    used 2701K, capacity 2918K, committed 2944K, reserved 1048576K
}
Event: 75.024 GC heap before
{Heap before GC invocations=7 (full 0):
 PSYoungGen      total 32256K, used 24762K [0x00000000e0000000, 0x00000000e2900000, 0x0000000100000000)
  eden space 23552K, 76% used [0x00000000e0000000,0x00000000e11a4fd8,0x00000000e1700000)
  from space 8704K, 76% used [0x00000000e2000000,0x00000000e2689a38,0x00000000e2880000)
  to   space 9216K, 0% used [0x00000000e1700000,0x00000000e1700000,0x00000000e2000000)
 ParOldGen       total 65536K, used 6977K [0x00000000a0000000, 0x00000000a4000000, 0x00000000e0000000)
  object space 65536K, 10% used [0x00000000a0000000,0x00000000a06d05e0,0x00000000a4000000)
 Metaspace       used 20772K, capacity 21206K, committed 21296K, reserved 1067008K
  class space    used 2988K, capacity 3181K, committed 3200K, reserved 1048576K
Event: 75.051 GC heap after
Heap after GC invocations=7 (full 0):
 PSYoungGen      total 32768K, used 5885K [0x00000000e0000000, 0x00000000e2900000, 0x0000000100000000)
  eden space 23552K, 0% used [0x00000000e0000000,0x00000000e0000000,0x00000000e1700000)
  from space 9216K, 63% used [0x00000000e1700000,0x00000000e1cbf740,0x00000000e2000000)
  to   space 8704K, 0% used [0x00000000e2000000,0x00000000e2000000,0x00000000e2880000)
 ParOldGen       total 65536K, used 8692K [0x00000000a0000000, 0x00000000a4000000, 0x00000000e0000000)
  object space 65536K, 13% used [0x00000000a0000000,0x00000000a087d218,0x00000000a4000000)
 Metaspace       used 20772K, capacity 21206K, committed 21296K, reserved 1067008K
  class space    used 2988K, capacity 3181K, committed 3200K, reserved 1048576K
}
Event: 75.051 GC heap before
{Heap before GC invocations=8 (full 1):
 PSYoungGen      total 32768K, used 5885K [0x00000000e0000000, 0x00000000e2900000, 0x0000000100000000)
  eden space 23552K, 0% used [0x00000000e0000000,0x00000000e0000000,0x00000000e1700000)
  from space 9216K, 63% used [0x00000000e1700000,0x00000000e1cbf740,0x00000000e2000000)
  to   space 8704K, 0% used [0x00000000e2000000,0x00000000e2000000,0x00000000e2880000)
 ParOldGen       total 65536K, used 8692K [0x00000000a0000000, 0x00000000a4000000, 0x00000000e0000000)
  object space 65536K, 13% used [0x00000000a0000000,0x00000000a087d218,0x00000000a4000000)
 Metaspace       used 20772K, capacity 21206K, committed 21296K, reserved 1067008K
  class space    used 2988K, capacity 3181K, committed 3200K, reserved 1048576K
Event: 75.191 GC heap after
Heap after GC invocations=8 (full 1):
 PSYoungGen      total 32768K, used 0K [0x00000000e0000000, 0x00000000e2900000, 0x0000000100000000)
  eden space 23552K, 0% used [0x00000000e0000000,0x00000000e0000000,0x00000000e1700000)
  from space 9216K, 0% used [0x00000000e1700000,0x00000000e1700000,0x00000000e2000000)
  to   space 8704K, 0% used [0x00000000e2000000,0x00000000e2000000,0x00000000e2880000)
 ParOldGen       total 40448K, used 8571K [0x00000000a0000000, 0x00000000a2780000, 0x00000000e0000000)
  object space 40448K, 21% used [0x00000000a0000000,0x00000000a085ee10,0x00000000a2780000)
 Metaspace       used 20772K, capacity 21206K, committed 21296K, reserved 1067008K
  class space    used 2988K, capacity 3181K, committed 3200K, reserved 1048576K
}
Event: 77.462 GC heap before
{Heap before GC invocations=9 (full 1):
 PSYoungGen      total 32768K, used 23552K [0x00000000e0000000, 0x00000000e2900000, 0x0000000100000000)
  eden space 23552K, 100% used [0x00000000e0000000,0x00000000e1700000,0x00000000e1700000)
  from space 9216K, 0% used [0x00000000e1700000,0x00000000e1700000,0x00000000e2000000)
  to   space 8704K, 0% used [0x00000000e2000000,0x00000000e2000000,0x00000000e2880000)
 ParOldGen       total 40448K, used 8571K [0x00000000a0000000, 0x00000000a2780000, 0x00000000e0000000)
  object space 40448K, 21% used [0x00000000a0000000,0x00000000a085ee10,0x00000000a2780000)
 Metaspace       used 24071K, capacity 24544K, committed 24832K, reserved 1071104K
  class space    used 3379K, capacity 3541K, committed 3584K, reserved 1048576K
Event: 77.466 GC heap after
Heap after GC invocations=9 (full 1):
 PSYoungGen      total 32256K, used 2957K [0x00000000e0000000, 0x00000000e3c80000, 0x0000000100000000)
  eden space 23552K, 0% used [0x00000000e0000000,0x00000000e0000000,0x00000000e1700000)
  from space 8704K, 33% used [0x00000000e2000000,0x00000000e22e3508,0x00000000e2880000)
  to   space 9216K, 0% used [0x00000000e1700000,0x00000000e1700000,0x00000000e2000000)
 ParOldGen       total 40448K, used 8579K [0x00000000a0000000, 0x00000000a2780000, 0x00000000e0000000)
  object space 40448K, 21% used [0x00000000a0000000,0x00000000a0860e10,0x00000000a2780000)
 Metaspace       used 24071K, capacity 24544K, committed 24832K, reserved 1071104K
  class space    used 3379K, capacity 3541K, committed 3584K, reserved 1048576K
}
Event: 78.113 GC heap before
{Heap before GC invocations=10 (full 1):
 PSYoungGen      total 32256K, used 26509K [0x00000000e0000000, 0x00000000e3c80000, 0x0000000100000000)
  eden space 23552K, 100% used [0x00000000e0000000,0x00000000e1700000,0x00000000e1700000)
  from space 8704K, 33% used [0x00000000e2000000,0x00000000e22e3508,0x00000000e2880000)
  to   space 9216K, 0% used [0x00000000e1700000,0x00000000e1700000,0x00000000e2000000)
 ParOldGen       total 40448K, used 8579K [0x00000000a0000000, 0x00000000a2780000, 0x00000000e0000000)
  object space 40448K, 21% used [0x00000000a0000000,0x00000000a0860e10,0x00000000a2780000)
 Metaspace       used 26358K, capacity 26854K, committed 27008K, reserved 1073152K
  class space    used 3664K, capacity 3862K, committed 3968K, reserved 1048576K
Event: 78.120 GC heap after
Heap after GC invocations=10 (full 1):
 PSYoungGen      total 32768K, used 4076K [0x00000000e0000000, 0x00000000e3400000, 0x0000000100000000)
  eden space 23552K, 0% used [0x00000000e0000000,0x00000000e0000000,0x00000000e1700000)
  from space 9216K, 44% used [0x00000000e1700000,0x00000000e1afb290,0x00000000e2000000)
  to   space 8704K, 0% used [0x00000000e2b80000,0x00000000e2b80000,0x00000000e3400000)
 ParOldGen       total 40448K, used 8587K [0x00000000a0000000, 0x00000000a2780000, 0x00000000e0000000)
  object space 40448K, 21% used [0x00000000a0000000,0x00000000a0862e10,0x00000000a2780000)
 Metaspace       used 26358K, capacity 26854K, committed 27008K, reserved 1073152K
  class space    used 3664K, capacity 3862K, committed 3968K, reserved 1048576K
}

