# JRE version: OpenJDK Runtime Environment (8.0_152-b01) (build 1.8.0_152-release-1248-b01)
# Java VM: OpenJDK 64-Bit Server VM (25.152-b01 mixed mode windows-amd64 compressed oops)
Heap:
 PSYoungGen      total 143360K, used 10572K [0x00000000e0000000, 0x00000000eba00000, 0x0000000100000000)
  eden space 130048K, 8% used [0x00000000e0000000,0x00000000e0a532e0,0x00000000e7f00000)
  from space 13312K, 0% used [0x00000000e7f00000,0x00000000e7f00000,0x00000000e8c00000)
  to   space 13824K, 0% used [0x00000000eac80000,0x00000000eac80000,0x00000000eba00000)
 ParOldGen       total 112128K, used 31621K [0x00000000a0000000, 0x00000000a6d80000, 0x00000000e0000000)
  object space 112128K, 28% used [0x00000000a0000000,0x00000000a1ee17b0,0x00000000a6d80000)
 Metaspace       used 58086K, capacity 59582K, committed 59824K, reserved 1101824K
  class space    used 7927K, capacity 8364K, committed 8368K, reserved 1048576K
GC Heap History (10 events):
Event: 9.953 GC heap before
{Heap before GC invocations=12 (full 2):
 PSYoungGen      total 112128K, used 7482K [0x00000000e0000000, 0x00000000e8d00000, 0x0000000100000000)
  eden space 102912K, 0% used [0x00000000e0000000,0x00000000e0000000,0x00000000e6480000)
  from space 9216K, 81% used [0x00000000e6e00000,0x00000000e754e9e8,0x00000000e7700000)
  to   space 9728K, 0% used [0x00000000e6480000,0x00000000e6480000,0x00000000e6e00000)
 ParOldGen       total 46080K, used 10637K [0x00000000a0000000, 0x00000000a2d00000, 0x00000000e0000000)
  object space 46080K, 23% used [0x00000000a0000000,0x00000000a0a63658,0x00000000a2d00000)
 Metaspace       used 34754K, capacity 35314K, committed 35496K, reserved 1079296K
  class space    used 4844K, capacity 5061K, committed 5168K, reserved 1048576K
Event: 10.078 GC heap after
Heap after GC invocations=12 (full 2):
 PSYoungGen      total 112128K, used 0K [0x00000000e0000000, 0x00000000e8d00000, 0x0000000100000000)
  eden space 102912K, 0% used [0x00000000e0000000,0x00000000e0000000,0x00000000e6480000)
  from space 9216K, 0% used [0x00000000e6e00000,0x00000000e6e00000,0x00000000e7700000)
  to   space 9728K, 0% used [0x00000000e6480000,0x00000000e6480000,0x00000000e6e00000)
 ParOldGen       total 72192K, used 16453K [0x00000000a0000000, 0x00000000a4680000, 0x00000000e0000000)
  object space 72192K, 22% used [0x00000000a0000000,0x00000000a1011470,0x00000000a4680000)
 Metaspace       used 34754K, capacity 35314K, committed 35496K, reserved 1079296K
  class space    used 4844K, capacity 5061K, committed 5168K, reserved 1048576K
}
Event: 12.674 GC heap before
{Heap before GC invocations=13 (full 2):
 PSYoungGen      total 112128K, used 102912K [0x00000000e0000000, 0x00000000e8d00000, 0x0000000100000000)
  eden space 102912K, 100% used [0x00000000e0000000,0x00000000e6480000,0x00000000e6480000)
  from space 9216K, 0% used [0x00000000e6e00000,0x00000000e6e00000,0x00000000e7700000)
  to   space 9728K, 0% used [0x00000000e6480000,0x00000000e6480000,0x00000000e6e00000)
 ParOldGen       total 72192K, used 16453K [0x00000000a0000000, 0x00000000a4680000, 0x00000000e0000000)
  object space 72192K, 22% used [0x00000000a0000000,0x00000000a1011470,0x00000000a4680000)
 Metaspace       used 43757K, capacity 44466K, committed 44720K, reserved 1087488K
  class space    used 5950K, capacity 6216K, committed 6320K, reserved 1048576K
Event: 12.710 GC heap after
Heap after GC invocations=13 (full 2):
 PSYoungGen      total 112640K, used 9724K [0x00000000e0000000, 0x00000000e9900000, 0x0000000100000000)
  eden space 102912K, 0% used [0x00000000e0000000,0x00000000e0000000,0x00000000e6480000)
  from space 9728K, 99% used [0x00000000e6480000,0x00000000e6dff198,0x00000000e6e00000)
  to   space 12800K, 0% used [0x00000000e8c80000,0x00000000e8c80000,0x00000000e9900000)
 ParOldGen       total 72192K, used 21639K [0x00000000a0000000, 0x00000000a4680000, 0x00000000e0000000)
  object space 72192K, 29% used [0x00000000a0000000,0x00000000a1521f90,0x00000000a4680000)
 Metaspace       used 43757K, capacity 44466K, committed 44720K, reserved 1087488K
  class space    used 5950K, capacity 6216K, committed 6320K, reserved 1048576K
}
Event: 15.152 GC heap before
{Heap before GC invocations=14 (full 2):
 PSYoungGen      total 112640K, used 112636K [0x00000000e0000000, 0x00000000e9900000, 0x0000000100000000)
  eden space 102912K, 100% used [0x00000000e0000000,0x00000000e6480000,0x00000000e6480000)
  from space 9728K, 99% used [0x00000000e6480000,0x00000000e6dff198,0x00000000e6e00000)
  to   space 12800K, 0% used [0x00000000e8c80000,0x00000000e8c80000,0x00000000e9900000)
 ParOldGen       total 72192K, used 21639K [0x00000000a0000000, 0x00000000a4680000, 0x00000000e0000000)
  object space 72192K, 29% used [0x00000000a0000000,0x00000000a1521f90,0x00000000a4680000)
 Metaspace       used 53380K, capacity 54450K, committed 54704K, reserved 1095680K
  class space    used 7218K, capacity 7528K, committed 7600K, reserved 1048576K
Event: 15.182 GC heap after
Heap after GC invocations=14 (full 2):
 PSYoungGen      total 142848K, used 10429K [0x00000000e0000000, 0x00000000e9900000, 0x0000000100000000)
  eden space 130048K, 0% used [0x00000000e0000000,0x00000000e0000000,0x00000000e7f00000)
  from space 12800K, 81% used [0x00000000e8c80000,0x00000000e96af6d8,0x00000000e9900000)
  to   space 13312K, 0% used [0x00000000e7f00000,0x00000000e7f00000,0x00000000e8c00000)
 ParOldGen       total 72192K, used 29654K [0x00000000a0000000, 0x00000000a4680000, 0x00000000e0000000)
  object space 72192K, 41% used [0x00000000a0000000,0x00000000a1cf5958,0x00000000a4680000)
 Metaspace       used 53380K, capacity 54450K, committed 54704K, reserved 1095680K
  class space    used 7218K, capacity 7528K, committed 7600K, reserved 1048576K
}
Event: 17.033 GC heap before
{Heap before GC invocations=15 (full 2):
 PSYoungGen      total 142848K, used 70799K [0x00000000e0000000, 0x00000000e9900000, 0x0000000100000000)
  eden space 130048K, 46% used [0x00000000e0000000,0x00000000e3af4570,0x00000000e7f00000)
  from space 12800K, 81% used [0x00000000e8c80000,0x00000000e96af6d8,0x00000000e9900000)
  to   space 13312K, 0% used [0x00000000e7f00000,0x00000000e7f00000,0x00000000e8c00000)
 ParOldGen       total 72192K, used 29654K [0x00000000a0000000, 0x00000000a4680000, 0x00000000e0000000)
  object space 72192K, 41% used [0x00000000a0000000,0x00000000a1cf5958,0x00000000a4680000)
 Metaspace       used 57506K, capacity 59008K, committed 59160K, reserved 1099776K
  class space    used 7851K, capacity 8263K, committed 8368K, reserved 1048576K
Event: 17.056 GC heap after
Heap after GC invocations=15 (full 2):
 PSYoungGen      total 143360K, used 10259K [0x00000000e0000000, 0x00000000eba00000, 0x0000000100000000)
  eden space 130048K, 0% used [0x00000000e0000000,0x00000000e0000000,0x00000000e7f00000)
  from space 13312K, 77% used [0x00000000e7f00000,0x00000000e8904e38,0x00000000e8c00000)
  to   space 13824K, 0% used [0x00000000eac80000,0x00000000eac80000,0x00000000eba00000)
 ParOldGen       total 72192K, used 29662K [0x00000000a0000000, 0x00000000a4680000, 0x00000000e0000000)
  object space 72192K, 41% used [0x00000000a0000000,0x00000000a1cf7958,0x00000000a4680000)
 Metaspace       used 57506K, capacity 59008K, committed 59160K, reserved 1099776K
  class space    used 7851K, capacity 8263K, committed 8368K, reserved 1048576K
}
Event: 17.056 GC heap before
{Heap before GC invocations=16 (full 3):
 PSYoungGen      total 143360K, used 10259K [0x00000000e0000000, 0x00000000eba00000, 0x0000000100000000)
  eden space 130048K, 0% used [0x00000000e0000000,0x00000000e0000000,0x00000000e7f00000)
  from space 13312K, 77% used [0x00000000e7f00000,0x00000000e8904e38,0x00000000e8c00000)
  to   space 13824K, 0% used [0x00000000eac80000,0x00000000eac80000,0x00000000eba00000)
 ParOldGen       total 72192K, used 29662K [0x00000000a0000000, 0x00000000a4680000, 0x00000000e0000000)
  object space 72192K, 41% used [0x00000000a0000000,0x00000000a1cf7958,0x00000000a4680000)
 Metaspace       used 57506K, capacity 59008K, committed 59160K, reserved 1099776K
  class space    used 7851K, capacity 8263K, committed 8368K, reserved 1048576K
Event: 17.465 GC heap after
Heap after GC invocations=16 (full 3):
 PSYoungGen      total 143360K, used 0K [0x00000000e0000000, 0x00000000eba00000, 0x0000000100000000)
  eden space 130048K, 0% used [0x00000000e0000000,0x00000000e0000000,0x00000000e7f00000)
  from space 13312K, 0% used [0x00000000e7f00000,0x00000000e7f00000,0x00000000e8c00000)
  to   space 13824K, 0% used [0x00000000eac80000,0x00000000eac80000,0x00000000eba00000)
 ParOldGen       total 112128K, used 31621K [0x00000000a0000000, 0x00000000a6d80000, 0x00000000e0000000)
  object space 112128K, 28% used [0x00000000a0000000,0x00000000a1ee17b0,0x00000000a6d80000)
 Metaspace       used 57506K, capacity 59008K, committed 59160K, reserved 1099776K
  class space    used 7851K, capacity 8263K, committed 8368K, reserved 1048576K
}

