# JRE version: Java(TM) SE Runtime Environment (8.0_201-b09) (build 1.8.0_201-b09)
# Java VM: Java HotSpot(TM) 64-Bit Server VM (25.201-b09 mixed mode windows-amd64 compressed oops)
Heap:
 PSYoungGen      total 328704K, used 32417K [0x00000000e0000000, 0x00000000fbf00000, 0x0000000100000000)
  eden space 295424K, 0% used [0x00000000e0000000,0x00000000e01c0da0,0x00000000f2080000)
  from space 33280K, 92% used [0x00000000f9e80000,0x00000000fbc67990,0x00000000fbf00000)
  to   space 29184K, 0% used [0x00000000f2080000,0x00000000f2080000,0x00000000f3d00000)
 ParOldGen       total 112128K, used 72148K [0x00000000a0000000, 0x00000000a6d80000, 0x00000000e0000000)
  object space 112128K, 64% used [0x00000000a0000000,0x00000000a4675080,0x00000000a6d80000)
 Metaspace       used 84075K, capacity 87358K, committed 87512K, reserved 1124352K
  class space    used 11118K, capacity 11750K, committed 11776K, reserved 1048576K
GC Heap History (10 events):
Event: 100.630 GC heap after
Heap after GC invocations=22 (full 3):
 PSYoungGen      total 216064K, used 13811K [0x00000000e0000000, 0x00000000f0b00000, 0x0000000100000000)
  eden space 202240K, 0% used [0x00000000e0000000,0x00000000e0000000,0x00000000ec580000)
  from space 13824K, 99% used [0x00000000ec580000,0x00000000ed2fcc20,0x00000000ed300000)
  to   space 25600K, 0% used [0x00000000ef200000,0x00000000ef200000,0x00000000f0b00000)
 ParOldGen       total 112128K, used 59522K [0x00000000a0000000, 0x00000000a6d80000, 0x00000000e0000000)
  object space 112128K, 53% used [0x00000000a0000000,0x00000000a3a209b8,0x00000000a6d80000)
 Metaspace       used 69717K, capacity 71326K, committed 71512K, reserved 1112064K
  class space    used 9366K, capacity 9740K, committed 9856K, reserved 1048576K
}
Event: 105.600 GC heap before
{Heap before GC invocations=23 (full 3):
 PSYoungGen      total 216064K, used 215626K [0x00000000e0000000, 0x00000000f0b00000, 0x0000000100000000)
  eden space 202240K, 99% used [0x00000000e0000000,0x00000000ec515fc8,0x00000000ec580000)
  from space 13824K, 99% used [0x00000000ec580000,0x00000000ed2fcc20,0x00000000ed300000)
  to   space 25600K, 0% used [0x00000000ef200000,0x00000000ef200000,0x00000000f0b00000)
 ParOldGen       total 112128K, used 59522K [0x00000000a0000000, 0x00000000a6d80000, 0x00000000e0000000)
  object space 112128K, 53% used [0x00000000a0000000,0x00000000a3a209b8,0x00000000a6d80000)
 Metaspace       used 72350K, capacity 74152K, committed 74328K, reserved 1114112K
  class space    used 9635K, capacity 10075K, committed 10112K, reserved 1048576K
Event: 105.634 GC heap after
Heap after GC invocations=23 (full 3):
 PSYoungGen      total 246272K, used 18917K [0x00000000e0000000, 0x00000000f0e80000, 0x0000000100000000)
  eden space 220672K, 0% used [0x00000000e0000000,0x00000000e0000000,0x00000000ed780000)
  from space 25600K, 73% used [0x00000000ef200000,0x00000000f0479638,0x00000000f0b00000)
  to   space 27136K, 0% used [0x00000000ed780000,0x00000000ed780000,0x00000000ef200000)
 ParOldGen       total 112128K, used 59530K [0x00000000a0000000, 0x00000000a6d80000, 0x00000000e0000000)
  object space 112128K, 53% used [0x00000000a0000000,0x00000000a3a229b8,0x00000000a6d80000)
 Metaspace       used 72350K, capacity 74152K, committed 74328K, reserved 1114112K
  class space    used 9635K, capacity 10075K, committed 10112K, reserved 1048576K
}
Event: 105.669 GC heap before
{Heap before GC invocations=24 (full 3):
 PSYoungGen      total 246272K, used 238948K [0x00000000e0000000, 0x00000000f0e80000, 0x0000000100000000)
  eden space 220672K, 99% used [0x00000000e0000000,0x00000000ed6dfb08,0x00000000ed780000)
  from space 25600K, 73% used [0x00000000ef200000,0x00000000f0479638,0x00000000f0b00000)
  to   space 27136K, 0% used [0x00000000ed780000,0x00000000ed780000,0x00000000ef200000)
 ParOldGen       total 112128K, used 59530K [0x00000000a0000000, 0x00000000a6d80000, 0x00000000e0000000)
  object space 112128K, 53% used [0x00000000a0000000,0x00000000a3a229b8,0x00000000a6d80000)
 Metaspace       used 72360K, capacity 74152K, committed 74328K, reserved 1114112K
  class space    used 9635K, capacity 10075K, committed 10112K, reserved 1048576K
Event: 105.698 GC heap after
Heap after GC invocations=24 (full 3):
 PSYoungGen      total 247808K, used 17250K [0x00000000e0000000, 0x00000000f5980000, 0x0000000100000000)
  eden space 220672K, 0% used [0x00000000e0000000,0x00000000e0000000,0x00000000ed780000)
  from space 27136K, 63% used [0x00000000ed780000,0x00000000ee8589d0,0x00000000ef200000)
  to   space 27648K, 0% used [0x00000000f3e80000,0x00000000f3e80000,0x00000000f5980000)
 ParOldGen       total 112128K, used 59538K [0x00000000a0000000, 0x00000000a6d80000, 0x00000000e0000000)
  object space 112128K, 53% used [0x00000000a0000000,0x00000000a3a249b8,0x00000000a6d80000)
 Metaspace       used 72360K, capacity 74152K, committed 74328K, reserved 1114112K
  class space    used 9635K, capacity 10075K, committed 10112K, reserved 1048576K
}
Event: 111.940 GC heap before
{Heap before GC invocations=25 (full 3):
 PSYoungGen      total 247808K, used 237922K [0x00000000e0000000, 0x00000000f5980000, 0x0000000100000000)
  eden space 220672K, 100% used [0x00000000e0000000,0x00000000ed780000,0x00000000ed780000)
  from space 27136K, 63% used [0x00000000ed780000,0x00000000ee8589d0,0x00000000ef200000)
  to   space 27648K, 0% used [0x00000000f3e80000,0x00000000f3e80000,0x00000000f5980000)
 ParOldGen       total 112128K, used 59538K [0x00000000a0000000, 0x00000000a6d80000, 0x00000000e0000000)
  object space 112128K, 53% used [0x00000000a0000000,0x00000000a3a249b8,0x00000000a6d80000)
 Metaspace       used 73203K, capacity 75150K, committed 75224K, reserved 1114112K
  class space    used 9751K, capacity 10186K, committed 10240K, reserved 1048576K
Event: 112.012 GC heap after
Heap after GC invocations=25 (full 3):
 PSYoungGen      total 323072K, used 20316K [0x00000000e0000000, 0x00000000f5980000, 0x0000000100000000)
  eden space 295424K, 0% used [0x00000000e0000000,0x00000000e0000000,0x00000000f2080000)
  from space 27648K, 73% used [0x00000000f3e80000,0x00000000f52573b0,0x00000000f5980000)
  to   space 29184K, 0% used [0x00000000f2080000,0x00000000f2080000,0x00000000f3d00000)
 ParOldGen       total 112128K, used 61149K [0x00000000a0000000, 0x00000000a6d80000, 0x00000000e0000000)
  object space 112128K, 54% used [0x00000000a0000000,0x00000000a3bb77d8,0x00000000a6d80000)
 Metaspace       used 73203K, capacity 75150K, committed 75224K, reserved 1114112K
  class space    used 9751K, capacity 10186K, committed 10240K, reserved 1048576K
}
Event: 118.395 GC heap before
{Heap before GC invocations=26 (full 3):
 PSYoungGen      total 323072K, used 315740K [0x00000000e0000000, 0x00000000f5980000, 0x0000000100000000)
  eden space 295424K, 100% used [0x00000000e0000000,0x00000000f2080000,0x00000000f2080000)
  from space 27648K, 73% used [0x00000000f3e80000,0x00000000f52573b0,0x00000000f5980000)
  to   space 29184K, 0% used [0x00000000f2080000,0x00000000f2080000,0x00000000f3d00000)
 ParOldGen       total 112128K, used 61149K [0x00000000a0000000, 0x00000000a6d80000, 0x00000000e0000000)
  object space 112128K, 54% used [0x00000000a0000000,0x00000000a3bb77d8,0x00000000a6d80000)
 Metaspace       used 74259K, capacity 76460K, committed 76760K, reserved 1116160K
  class space    used 9886K, capacity 10389K, committed 10496K, reserved 1048576K
Event: 118.472 GC heap after
Heap after GC invocations=26 (full 3):
 PSYoungGen      total 324608K, used 28208K [0x00000000e0000000, 0x00000000fbf00000, 0x0000000100000000)
  eden space 295424K, 0% used [0x00000000e0000000,0x00000000e0000000,0x00000000f2080000)
  from space 29184K, 96% used [0x00000000f2080000,0x00000000f3c0c2b8,0x00000000f3d00000)
  to   space 33280K, 0% used [0x00000000f9e80000,0x00000000f9e80000,0x00000000fbf00000)
 ParOldGen       total 112128K, used 64863K [0x00000000a0000000, 0x00000000a6d80000, 0x00000000e0000000)
  object space 112128K, 57% used [0x00000000a0000000,0x00000000a3f57c00,0x00000000a6d80000)
 Metaspace       used 74259K, capacity 76460K, committed 76760K, reserved 1116160K
  class space    used 9886K, capacity 10389K, committed 10496K, reserved 1048576K
}
Event: 132.078 GC heap before
{Heap before GC invocations=27 (full 3):
 PSYoungGen      total 324608K, used 323632K [0x00000000e0000000, 0x00000000fbf00000, 0x0000000100000000)
  eden space 295424K, 100% used [0x00000000e0000000,0x00000000f2080000,0x00000000f2080000)
  from space 29184K, 96% used [0x00000000f2080000,0x00000000f3c0c2b8,0x00000000f3d00000)
  to   space 33280K, 0% used [0x00000000f9e80000,0x00000000f9e80000,0x00000000fbf00000)
 ParOldGen       total 112128K, used 64863K [0x00000000a0000000, 0x00000000a6d80000, 0x00000000e0000000)
  object space 112128K, 57% used [0x00000000a0000000,0x00000000a3f57c00,0x00000000a6d80000)
 Metaspace       used 84075K, capacity 87358K, committed 87512K, reserved 1124352K
  class space    used 11118K, capacity 11750K, committed 11776K, reserved 1048576K

