# JRE version: OpenJDK Runtime Environment (8.0_152-b01) (build 1.8.0_152-release-1248-b01)
# Java VM: OpenJDK 64-Bit Server VM (25.152-b01 mixed mode windows-amd64 compressed oops)
Heap:
 PSYoungGen      total 97280K, used 23442K [0x00000000e0000000, 0x00000000e8a00000, 0x0000000100000000)
  eden space 81920K, 9% used [0x00000000e0000000,0x00000000e07ea028,0x00000000e5000000)
  from space 15360K, 99% used [0x00000000e5000000,0x00000000e5efa810,0x00000000e5f00000)
  to   space 23040K, 0% used [0x00000000e7380000,0x00000000e7380000,0x00000000e8a00000)
 ParOldGen       total 81920K, used 56093K [0x00000000a0000000, 0x00000000a5000000, 0x00000000e0000000)
  object space 81920K, 68% used [0x00000000a0000000,0x00000000a36c7710,0x00000000a5000000)
 Metaspace       used 74763K, capacity 77002K, committed 77272K, reserved 1116160K
  class space    used 9655K, capacity 10216K, committed 10240K, reserved 1048576K
GC Heap History (10 events):
Event: 101.633 GC heap before
{Heap before GC invocations=26 (full 3):
 PSYoungGen      total 87552K, used 86089K [0x00000000e0000000, 0x00000000e5f80000, 0x0000000100000000)
  eden space 78336K, 100% used [0x00000000e0000000,0x00000000e4c80000,0x00000000e4c80000)
  from space 9216K, 84% used [0x00000000e5680000,0x00000000e5e12790,0x00000000e5f80000)
  to   space 9728K, 0% used [0x00000000e4c80000,0x00000000e4c80000,0x00000000e5600000)
 ParOldGen       total 81920K, used 30170K [0x00000000a0000000, 0x00000000a5000000, 0x00000000e0000000)
  object space 81920K, 36% used [0x00000000a0000000,0x00000000a1d76a90,0x00000000a5000000)
 Metaspace       used 66287K, capacity 67958K, committed 68184K, reserved 1107968K
  class space    used 8850K, capacity 9256K, committed 9344K, reserved 1048576K
Event: 101.667 GC heap after
Heap after GC invocations=26 (full 3):
 PSYoungGen      total 88064K, used 8777K [0x00000000e0000000, 0x00000000e6c00000, 0x0000000100000000)
  eden space 78336K, 0% used [0x00000000e0000000,0x00000000e0000000,0x00000000e4c80000)
  from space 9728K, 90% used [0x00000000e4c80000,0x00000000e55127f8,0x00000000e5600000)
  to   space 10752K, 0% used [0x00000000e6180000,0x00000000e6180000,0x00000000e6c00000)
 ParOldGen       total 81920K, used 30178K [0x00000000a0000000, 0x00000000a5000000, 0x00000000e0000000)
  object space 81920K, 36% used [0x00000000a0000000,0x00000000a1d78a90,0x00000000a5000000)
 Metaspace       used 66287K, capacity 67958K, committed 68184K, reserved 1107968K
  class space    used 8850K, capacity 9256K, committed 9344K, reserved 1048576K
}
Event: 109.733 GC heap before
{Heap before GC invocations=27 (full 3):
 PSYoungGen      total 88064K, used 87113K [0x00000000e0000000, 0x00000000e6c00000, 0x0000000100000000)
  eden space 78336K, 100% used [0x00000000e0000000,0x00000000e4c80000,0x00000000e4c80000)
  from space 9728K, 90% used [0x00000000e4c80000,0x00000000e55127f8,0x00000000e5600000)
  to   space 10752K, 0% used [0x00000000e6180000,0x00000000e6180000,0x00000000e6c00000)
 ParOldGen       total 81920K, used 30178K [0x00000000a0000000, 0x00000000a5000000, 0x00000000e0000000)
  object space 81920K, 36% used [0x00000000a0000000,0x00000000a1d78a90,0x00000000a5000000)
 Metaspace       used 70231K, capacity 72182K, committed 72408K, reserved 1112064K
  class space    used 9171K, capacity 9706K, committed 9728K, reserved 1048576K
Event: 109.777 GC heap after
Heap after GC invocations=27 (full 3):
 PSYoungGen      total 97792K, used 10739K [0x00000000e0000000, 0x00000000e7080000, 0x0000000100000000)
  eden space 87040K, 0% used [0x00000000e0000000,0x00000000e0000000,0x00000000e5500000)
  from space 10752K, 99% used [0x00000000e6180000,0x00000000e6bfce68,0x00000000e6c00000)
  to   space 12800K, 0% used [0x00000000e5500000,0x00000000e5500000,0x00000000e6180000)
 ParOldGen       total 81920K, used 32460K [0x00000000a0000000, 0x00000000a5000000, 0x00000000e0000000)
  object space 81920K, 39% used [0x00000000a0000000,0x00000000a1fb32d0,0x00000000a5000000)
 Metaspace       used 70231K, capacity 72182K, committed 72408K, reserved 1112064K
  class space    used 9171K, capacity 9706K, committed 9728K, reserved 1048576K
}
Event: 3066.185 GC heap before
{Heap before GC invocations=28 (full 3):
 PSYoungGen      total 97792K, used 97779K [0x00000000e0000000, 0x00000000e7080000, 0x0000000100000000)
  eden space 87040K, 100% used [0x00000000e0000000,0x00000000e5500000,0x00000000e5500000)
  from space 10752K, 99% used [0x00000000e6180000,0x00000000e6bfce68,0x00000000e6c00000)
  to   space 12800K, 0% used [0x00000000e5500000,0x00000000e5500000,0x00000000e6180000)
 ParOldGen       total 81920K, used 32460K [0x00000000a0000000, 0x00000000a5000000, 0x00000000e0000000)
  object space 81920K, 39% used [0x00000000a0000000,0x00000000a1fb32d0,0x00000000a5000000)
 Metaspace       used 72580K, capacity 74806K, committed 75096K, reserved 1114112K
  class space    used 9469K, capacity 10032K, committed 10112K, reserved 1048576K
Event: 3066.373 GC heap after
Heap after GC invocations=28 (full 3):
 PSYoungGen      total 92160K, used 7213K [0x00000000e0000000, 0x00000000e6b80000, 0x0000000100000000)
  eden space 84480K, 0% used [0x00000000e0000000,0x00000000e0000000,0x00000000e5280000)
  from space 7680K, 93% used [0x00000000e5500000,0x00000000e5c0b708,0x00000000e5c80000)
  to   space 12800K, 0% used [0x00000000e5f00000,0x00000000e5f00000,0x00000000e6b80000)
 ParOldGen       total 81920K, used 38143K [0x00000000a0000000, 0x00000000a5000000, 0x00000000e0000000)
  object space 81920K, 46% used [0x00000000a0000000,0x00000000a253fcd0,0x00000000a5000000)
 Metaspace       used 72580K, capacity 74806K, committed 75096K, reserved 1114112K
  class space    used 9469K, capacity 10032K, committed 10112K, reserved 1048576K
}
Event: 3072.255 GC heap before
{Heap before GC invocations=29 (full 3):
 PSYoungGen      total 92160K, used 91693K [0x00000000e0000000, 0x00000000e6b80000, 0x0000000100000000)
  eden space 84480K, 100% used [0x00000000e0000000,0x00000000e5280000,0x00000000e5280000)
  from space 7680K, 93% used [0x00000000e5500000,0x00000000e5c0b708,0x00000000e5c80000)
  to   space 12800K, 0% used [0x00000000e5f00000,0x00000000e5f00000,0x00000000e6b80000)
 ParOldGen       total 81920K, used 38143K [0x00000000a0000000, 0x00000000a5000000, 0x00000000e0000000)
  object space 81920K, 46% used [0x00000000a0000000,0x00000000a253fcd0,0x00000000a5000000)
 Metaspace       used 74095K, capacity 76324K, committed 76504K, reserved 1116160K
  class space    used 9611K, capacity 10183K, committed 10240K, reserved 1048576K
Event: 3072.319 GC heap after
Heap after GC invocations=29 (full 3):
 PSYoungGen      total 94720K, used 12777K [0x00000000e0000000, 0x00000000e6e00000, 0x0000000100000000)
  eden space 81920K, 0% used [0x00000000e0000000,0x00000000e0000000,0x00000000e5000000)
  from space 12800K, 99% used [0x00000000e5f00000,0x00000000e6b7a5e0,0x00000000e6b80000)
  to   space 15360K, 0% used [0x00000000e5000000,0x00000000e5000000,0x00000000e5f00000)
 ParOldGen       total 81920K, used 41191K [0x00000000a0000000, 0x00000000a5000000, 0x00000000e0000000)
  object space 81920K, 50% used [0x00000000a0000000,0x00000000a2839cc0,0x00000000a5000000)
 Metaspace       used 74095K, capacity 76324K, committed 76504K, reserved 1116160K
  class space    used 9611K, capacity 10183K, committed 10240K, reserved 1048576K
}
Event: 3075.666 GC heap before
{Heap before GC invocations=30 (full 3):
 PSYoungGen      total 94720K, used 92745K [0x00000000e0000000, 0x00000000e6e00000, 0x0000000100000000)
  eden space 81920K, 97% used [0x00000000e0000000,0x00000000e4e17ee0,0x00000000e5000000)
  from space 12800K, 99% used [0x00000000e5f00000,0x00000000e6b7a5e0,0x00000000e6b80000)
  to   space 15360K, 0% used [0x00000000e5000000,0x00000000e5000000,0x00000000e5f00000)
 ParOldGen       total 81920K, used 41191K [0x00000000a0000000, 0x00000000a5000000, 0x00000000e0000000)
  object space 81920K, 50% used [0x00000000a0000000,0x00000000a2839cc0,0x00000000a5000000)
 Metaspace       used 74637K, capacity 76874K, committed 77016K, reserved 1116160K
  class space    used 9636K, capacity 10216K, committed 10240K, reserved 1048576K
Event: 3075.773 GC heap after
Heap after GC invocations=30 (full 3):
 PSYoungGen      total 97280K, used 15338K [0x00000000e0000000, 0x00000000e8a00000, 0x0000000100000000)
  eden space 81920K, 0% used [0x00000000e0000000,0x00000000e0000000,0x00000000e5000000)
  from space 15360K, 99% used [0x00000000e5000000,0x00000000e5efa810,0x00000000e5f00000)
  to   space 23040K, 0% used [0x00000000e7380000,0x00000000e7380000,0x00000000e8a00000)
 ParOldGen       total 81920K, used 56093K [0x00000000a0000000, 0x00000000a5000000, 0x00000000e0000000)
  object space 81920K, 68% used [0x00000000a0000000,0x00000000a36c7710,0x00000000a5000000)
 Metaspace       used 74637K, capacity 76874K, committed 77016K, reserved 1116160K
  class space    used 9636K, capacity 10216K, committed 10240K, reserved 1048576K
}

